Determining if the pthread_create exist failed with the following output:
Change Dir: /home/amit/catkin_ws10/build/CMakeFiles/CMakeTmp

Run Build Command:/usr/bin/make "cmTryCompileExec3005314506/fast"
/usr/bin/make -f CMakeFiles/cmTryCompileExec3005314506.dir/build.make CMakeFiles/cmTryCompileExec3005314506.dir/build
make[1]: Entering directory `/home/amit/catkin_ws10/build/CMakeFiles/CMakeTmp'
/usr/bin/cmake -E cmake_progress_report /home/amit/catkin_ws10/build/CMakeFiles/CMakeTmp/CMakeFiles 1
Building C object CMakeFiles/cmTryCompileExec3005314506.dir/CheckSymbolExists.c.o
/usr/bin/cc    -o CMakeFiles/cmTryCompileExec3005314506.dir/CheckSymbolExists.c.o   -c /home/amit/catkin_ws10/build/CMakeFiles/CMakeTmp/CheckSymbolExists.c
Linking C executable cmTryCompileExec3005314506
/usr/bin/cmake -E cmake_link_script CMakeFiles/cmTryCompileExec3005314506.dir/link.txt --verbose=1
/usr/bin/cc       CMakeFiles/cmTryCompileExec3005314506.dir/CheckSymbolExists.c.o  -o cmTryCompileExec3005314506 -rdynamic 
CMakeFiles/cmTryCompileExec3005314506.dir/CheckSymbolExists.c.o: In function `main':
CheckSymbolExists.c:(.text+0x16): undefined reference to `pthread_create'
collect2: error: ld returned 1 exit status
make[1]: *** [cmTryCompileExec3005314506] Error 1
make[1]: Leaving directory `/home/amit/catkin_ws10/build/CMakeFiles/CMakeTmp'
make: *** [cmTryCompileExec3005314506/fast] Error 2

File /home/amit/catkin_ws10/build/CMakeFiles/CMakeTmp/CheckSymbolExists.c:
/* */
#include <pthread.h>

int main(int argc, char** argv)
{
  (void)argv;
#ifndef pthread_create
  return ((int*)(&pthread_create))[argc];
#else
  (void)argc;
  return 0;
#endif
}

Determining if the function pthread_create exists in the pthreads failed with the following output:
Change Dir: /home/amit/catkin_ws10/build/CMakeFiles/CMakeTmp

Run Build Command:/usr/bin/make "cmTryCompileExec16250709/fast"
/usr/bin/make -f CMakeFiles/cmTryCompileExec16250709.dir/build.make CMakeFiles/cmTryCompileExec16250709.dir/build
make[1]: Entering directory `/home/amit/catkin_ws10/build/CMakeFiles/CMakeTmp'
/usr/bin/cmake -E cmake_progress_report /home/amit/catkin_ws10/build/CMakeFiles/CMakeTmp/CMakeFiles 1
Building C object CMakeFiles/cmTryCompileExec16250709.dir/CheckFunctionExists.c.o
/usr/bin/cc   -DCHECK_FUNCTION_EXISTS=pthread_create   -o CMakeFiles/cmTryCompileExec16250709.dir/CheckFunctionExists.c.o   -c /usr/share/cmake-2.8/Modules/CheckFunctionExists.c
Linking C executable cmTryCompileExec16250709
/usr/bin/cmake -E cmake_link_script CMakeFiles/cmTryCompileExec16250709.dir/link.txt --verbose=1
/usr/bin/cc   -DCHECK_FUNCTION_EXISTS=pthread_create    CMakeFiles/cmTryCompileExec16250709.dir/CheckFunctionExists.c.o  -o cmTryCompileExec16250709 -rdynamic -lpthreads 
/usr/bin/ld: cannot find -lpthreads
collect2: error: ld returned 1 exit status
make[1]: *** [cmTryCompileExec16250709] Error 1
make[1]: Leaving directory `/home/amit/catkin_ws10/build/CMakeFiles/CMakeTmp'
make: *** [cmTryCompileExec16250709/fast] Error 2


